<?xml version="1.0" encoding="UTF-8"?>
<coverage generated="1729549106370" clover="3.2.0">
  <project timestamp="1729549106370" name="All files">
    <metrics statements="8" coveredstatements="8" conditionals="2" coveredconditionals="1" methods="4" coveredmethods="4" elements="14" coveredelements="13" complexity="0" loc="8" ncloc="8" packages="1" files="1" classes="1"/>
    <file name="alerts.js" path="/workspace/restaurant-booking-system/static/js/alerts.js">
      <metrics statements="8" coveredstatements="8" conditionals="2" coveredconditionals="1" methods="4" coveredmethods="4"/>
      <line num="2" count="2" type="stmt"/>
      <line num="3" count="2" type="cond" truecount="1" falsecount="1"/>
      <line num="4" count="2" type="stmt"/>
      <line num="5" count="1" type="stmt"/>
      <line num="6" count="1" type="stmt"/>
      <line num="8" count="1" type="stmt"/>
      <line num="9" count="1" type="stmt"/>
      <line num="16" count="1" type="stmt"/>
    </file>
  </project>
</coverage>
